<?xml version="1.0" encoding="UTF-8"?>
<testsuite xmlns:xsi="http://www.w3.org/2001/XMLSchema-instance" xsi:noNamespaceSchemaLocation="https://maven.apache.org/surefire/maven-surefire-plugin/xsd/surefire-test-report-3.0.xsd" version="3.0" name="io.helidon.examples.quickstart.mp.MainTest" time="4.95" tests="1" errors="1" skipped="0" failures="0">
  <properties>
    <property name="sun.desktop" value="windows"/>
    <property name="awt.toolkit" value="sun.awt.windows.WToolkit"/>
    <property name="java.specification.version" value="11"/>
    <property name="sun.cpu.isalist" value="amd64"/>
    <property name="sun.jnu.encoding" value="Cp1252"/>
    <property name="java.class.path" value="C:\Users\ManuelStör\Development\Workspaces\MicroStream_Cluster\helidon-quickstart-mp\target\test-classes;C:\Users\ManuelStör\Development\Workspaces\MicroStream_Cluster\helidon-quickstart-mp\target\classes;C:\Users\ManuelStör\.m2\repository\io\helidon\microprofile\bundles\helidon-microprofile\2.5.0\helidon-microprofile-2.5.0.jar;C:\Users\ManuelStör\.m2\repository\io\helidon\microprofile\bundles\helidon-microprofile-core\2.5.0\helidon-microprofile-core-2.5.0.jar;C:\Users\ManuelStör\.m2\repository\io\helidon\microprofile\server\helidon-microprofile-server\2.5.0\helidon-microprofile-server-2.5.0.jar;C:\Users\ManuelStör\.m2\repository\io\helidon\microprofile\cdi\helidon-microprofile-cdi\2.5.0\helidon-microprofile-cdi-2.5.0.jar;C:\Users\ManuelStör\.m2\repository\io\helidon\microprofile\weld\weld-se-core\2.5.0\weld-se-core-2.5.0.jar;C:\Users\ManuelStör\.m2\repository\io\helidon\microprofile\weld\weld-core-impl\2.5.0\weld-core-impl-2.5.0.jar;C:\Users\ManuelStör\.m2\repository\org\jboss\weld\environment\weld-environment-common\3.1.6.Final\weld-environment-common-3.1.6.Final.jar;C:\Users\ManuelStör\.m2\repository\org\jboss\classfilewriter\jboss-classfilewriter\1.2.5.Final\jboss-classfilewriter-1.2.5.Final.jar;C:\Users\ManuelStör\.m2\repository\io\helidon\webserver\helidon-webserver\2.5.0\helidon-webserver-2.5.0.jar;C:\Users\ManuelStör\.m2\repository\io\helidon\media\helidon-media-common\2.5.0\helidon-media-common-2.5.0.jar;C:\Users\ManuelStör\.m2\repository\io\helidon\logging\helidon-logging-common\2.5.0\helidon-logging-common-2.5.0.jar;C:\Users\ManuelStör\.m2\repository\io\opentracing\opentracing-api\0.33.0\opentracing-api-0.33.0.jar;C:\Users\ManuelStör\.m2\repository\io\opentracing\opentracing-noop\0.33.0\opentracing-noop-0.33.0.jar;C:\Users\ManuelStör\.m2\repository\io\netty\netty-codec-http\4.1.73.Final\netty-codec-http-4.1.73.Final.jar;C:\Users\ManuelStör\.m2\repository\io\netty\netty-common\4.1.73.Final\netty-common-4.1.73.Final.jar;C:\Users\ManuelStör\.m2\repository\io\netty\netty-transport\4.1.73.Final\netty-transport-4.1.73.Final.jar;C:\Users\ManuelStör\.m2\repository\io\netty\netty-codec\4.1.73.Final\netty-codec-4.1.73.Final.jar;C:\Users\ManuelStör\.m2\repository\io\netty\netty-codec-http2\4.1.73.Final\netty-codec-http2-4.1.73.Final.jar;C:\Users\ManuelStör\.m2\repository\io\netty\netty-handler\4.1.73.Final\netty-handler-4.1.73.Final.jar;C:\Users\ManuelStör\.m2\repository\io\netty\netty-resolver\4.1.73.Final\netty-resolver-4.1.73.Final.jar;C:\Users\ManuelStör\.m2\repository\io\netty\netty-tcnative-classes\2.0.46.Final\netty-tcnative-classes-2.0.46.Final.jar;C:\Users\ManuelStör\.m2\repository\io\helidon\webserver\helidon-webserver-static-content\2.5.0\helidon-webserver-static-content-2.5.0.jar;C:\Users\ManuelStör\.m2\repository\io\helidon\webserver\helidon-webserver-jersey\2.5.0\helidon-webserver-jersey-2.5.0.jar;C:\Users\ManuelStör\.m2\repository\io\helidon\jersey\helidon-jersey-server\2.5.0\helidon-jersey-server-2.5.0.jar;C:\Users\ManuelStör\.m2\repository\io\netty\netty-buffer\4.1.73.Final\netty-buffer-4.1.73.Final.jar;C:\Users\ManuelStör\.m2\repository\io\helidon\common\helidon-common-service-loader\2.5.0\helidon-common-service-loader-2.5.0.jar;C:\Users\ManuelStör\.m2\repository\jakarta\interceptor\jakarta.interceptor-api\1.2.5\jakarta.interceptor-api-1.2.5.jar;C:\Users\ManuelStör\.m2\repository\jakarta\enterprise\jakarta.enterprise.cdi-api\2.0.2\jakarta.enterprise.cdi-api-2.0.2.jar;C:\Users\ManuelStör\.m2\repository\jakarta\el\jakarta.el-api\3.0.3\jakarta.el-api-3.0.3.jar;C:\Users\ManuelStör\.m2\repository\io\helidon\media\helidon-media-jsonp\2.5.0\helidon-media-jsonp-2.5.0.jar;C:\Users\ManuelStör\.m2\repository\io\helidon\jersey\helidon-jersey-media-jsonp\2.5.0\helidon-jersey-media-jsonp-2.5.0.jar;C:\Users\ManuelStör\.m2\repository\org\glassfish\jersey\media\jersey-media-json-processing\2.35\jersey-media-json-processing-2.35.jar;C:\Users\ManuelStör\.m2\repository\org\glassfish\jsonp-jaxrs\1.1.6\jsonp-jaxrs-1.1.6.jar;C:\Users\ManuelStör\.m2\repository\io\helidon\microprofile\config\helidon-microprofile-config\2.5.0\helidon-microprofile-config-2.5.0.jar;C:\Users\ManuelStör\.m2\repository\io\helidon\config\helidon-config-mp\2.5.0\helidon-config-mp-2.5.0.jar;C:\Users\ManuelStör\.m2\repository\io\helidon\common\helidon-common\2.5.0\helidon-common-2.5.0.jar;C:\Users\ManuelStör\.m2\repository\io\helidon\config\helidon-config-yaml\2.5.0\helidon-config-yaml-2.5.0.jar;C:\Users\ManuelStör\.m2\repository\org\yaml\snakeyaml\1.30\snakeyaml-1.30.jar;C:\Users\ManuelStör\.m2\repository\io\helidon\config\helidon-config-encryption\2.5.0\helidon-config-encryption-2.5.0.jar;C:\Users\ManuelStör\.m2\repository\io\helidon\common\helidon-common-key-util\2.5.0\helidon-common-key-util-2.5.0.jar;C:\Users\ManuelStör\.m2\repository\io\helidon\common\helidon-common-crypto\2.5.0\helidon-common-crypto-2.5.0.jar;C:\Users\ManuelStör\.m2\repository\io\helidon\config\helidon-config-object-mapping\2.5.0\helidon-config-object-mapping-2.5.0.jar;C:\Users\ManuelStör\.m2\repository\io\helidon\microprofile\health\helidon-microprofile-health\2.5.0\helidon-microprofile-health-2.5.0.jar;C:\Users\ManuelStör\.m2\repository\io\helidon\health\helidon-health\2.5.0\helidon-health-2.5.0.jar;C:\Users\ManuelStör\.m2\repository\io\helidon\webserver\helidon-webserver-cors\2.5.0\helidon-webserver-cors-2.5.0.jar;C:\Users\ManuelStör\.m2\repository\org\eclipse\microprofile\config\microprofile-config-api\1.4\microprofile-config-api-1.4.jar;C:\Users\ManuelStör\.m2\repository\org\eclipse\microprofile\health\microprofile-health-api\2.2\microprofile-health-api-2.2.jar;C:\Users\ManuelStör\.m2\repository\io\helidon\health\helidon-health-common\2.5.0\helidon-health-common-2.5.0.jar;C:\Users\ManuelStör\.m2\repository\io\helidon\health\helidon-health-checks\2.5.0\helidon-health-checks-2.5.0.jar;C:\Users\ManuelStör\.m2\repository\io\helidon\config\helidon-config\2.5.0\helidon-config-2.5.0.jar;C:\Users\ManuelStör\.m2\repository\io\helidon\common\helidon-common-reactive\2.5.0\helidon-common-reactive-2.5.0.jar;C:\Users\ManuelStör\.m2\repository\io\helidon\common\helidon-common-mapper\2.5.0\helidon-common-mapper-2.5.0.jar;C:\Users\ManuelStör\.m2\repository\io\helidon\common\helidon-common-media-type\2.5.0\helidon-common-media-type-2.5.0.jar;C:\Users\ManuelStör\.m2\repository\io\helidon\microprofile\metrics\helidon-microprofile-metrics\2.5.0\helidon-microprofile-metrics-2.5.0.jar;C:\Users\ManuelStör\.m2\repository\io\helidon\service-common\helidon-service-common-rest-cdi\2.5.0\helidon-service-common-rest-cdi-2.5.0.jar;C:\Users\ManuelStör\.m2\repository\io\helidon\service-common\helidon-service-common-rest\2.5.0\helidon-service-common-rest-2.5.0.jar;C:\Users\ManuelStör\.m2\repository\io\helidon\metrics\helidon-metrics-api\2.5.0\helidon-metrics-api-2.5.0.jar;C:\Users\ManuelStör\.m2\repository\io\helidon\common\helidon-common-http\2.5.0\helidon-common-http-2.5.0.jar;C:\Users\ManuelStör\.m2\repository\io\helidon\config\helidon-config-metadata\2.5.0\helidon-config-metadata-2.5.0.jar;C:\Users\ManuelStör\.m2\repository\io\helidon\metrics\helidon-metrics-service-api\2.5.0\helidon-metrics-service-api-2.5.0.jar;C:\Users\ManuelStör\.m2\repository\io\helidon\metrics\helidon-metrics\2.5.0\helidon-metrics-2.5.0.jar;C:\Users\ManuelStör\.m2\repository\org\eclipse\microprofile\metrics\microprofile-metrics-api\2.3.2\microprofile-metrics-api-2.3.2.jar;C:\Users\ManuelStör\.m2\repository\io\helidon\microprofile\helidon-microprofile-fault-tolerance\2.5.0\helidon-microprofile-fault-tolerance-2.5.0.jar;C:\Users\ManuelStör\.m2\repository\org\eclipse\microprofile\fault-tolerance\microprofile-fault-tolerance-api\2.1.1\microprofile-fault-tolerance-api-2.1.1.jar;C:\Users\ManuelStör\.m2\repository\io\helidon\fault-tolerance\helidon-fault-tolerance\2.5.0\helidon-fault-tolerance-2.5.0.jar;C:\Users\ManuelStör\.m2\repository\io\helidon\common\helidon-common-configurable\2.5.0\helidon-common-configurable-2.5.0.jar;C:\Users\ManuelStör\.m2\repository\org\glassfish\jersey\ext\cdi\jersey-weld2-se\2.35\jersey-weld2-se-2.35.jar;C:\Users\ManuelStör\.m2\repository\org\glassfish\jersey\core\jersey-server\2.35\jersey-server-2.35.jar;C:\Users\ManuelStör\.m2\repository\jakarta\validation\jakarta.validation-api\2.0.2\jakarta.validation-api-2.0.2.jar;C:\Users\ManuelStör\.m2\repository\org\glassfish\jersey\ext\cdi\jersey-cdi1x\2.35\jersey-cdi1x-2.35.jar;C:\Users\ManuelStör\.m2\repository\jakarta\ws\rs\jakarta.ws.rs-api\2.1.6\jakarta.ws.rs-api-2.1.6.jar;C:\Users\ManuelStör\.m2\repository\org\jboss\weld\weld-api\3.1.SP2\weld-api-3.1.SP2.jar;C:\Users\ManuelStör\.m2\repository\org\jboss\weld\weld-spi\3.1.SP2\weld-spi-3.1.SP2.jar;C:\Users\ManuelStör\.m2\repository\io\helidon\microprofile\jwt\helidon-microprofile-jwt-auth\2.5.0\helidon-microprofile-jwt-auth-2.5.0.jar;C:\Users\ManuelStör\.m2\repository\org\eclipse\microprofile\jwt\microprofile-jwt-auth-api\1.1.1\microprofile-jwt-auth-api-1.1.1.jar;C:\Users\ManuelStör\.m2\repository\io\helidon\security\helidon-security-jwt\2.5.0\helidon-security-jwt-2.5.0.jar;C:\Users\ManuelStör\.m2\repository\io\helidon\security\helidon-security-util\2.5.0\helidon-security-util-2.5.0.jar;C:\Users\ManuelStör\.m2\repository\io\helidon\security\helidon-security\2.5.0\helidon-security-2.5.0.jar;C:\Users\ManuelStör\.m2\repository\io\opentracing\opentracing-util\0.33.0\opentracing-util-0.33.0.jar;C:\Users\ManuelStör\.m2\repository\io\helidon\security\integration\helidon-security-integration-jersey\2.5.0\helidon-security-integration-jersey-2.5.0.jar;C:\Users\ManuelStör\.m2\repository\io\helidon\security\helidon-security-annotations\2.5.0\helidon-security-annotations-2.5.0.jar;C:\Users\ManuelStör\.m2\repository\io\helidon\microprofile\helidon-microprofile-security\2.5.0\helidon-microprofile-security-2.5.0.jar;C:\Users\ManuelStör\.m2\repository\io\helidon\bundles\helidon-bundles-security\2.5.0\helidon-bundles-security-2.5.0.jar;C:\Users\ManuelStör\.m2\repository\io\helidon\security\providers\helidon-security-providers-header\2.5.0\helidon-security-providers-header-2.5.0.jar;C:\Users\ManuelStör\.m2\repository\io\helidon\security\providers\helidon-security-providers-http-auth\2.5.0\helidon-security-providers-http-auth-2.5.0.jar;C:\Users\ManuelStör\.m2\repository\io\helidon\security\providers\helidon-security-providers-http-sign\2.5.0\helidon-security-providers-http-sign-2.5.0.jar;C:\Users\ManuelStör\.m2\repository\io\helidon\security\providers\helidon-security-providers-jwt\2.5.0\helidon-security-providers-jwt-2.5.0.jar;C:\Users\ManuelStör\.m2\repository\io\helidon\security\providers\helidon-security-providers-abac\2.5.0\helidon-security-providers-abac-2.5.0.jar;C:\Users\ManuelStör\.m2\repository\io\helidon\security\providers\helidon-security-providers-oidc\2.5.0\helidon-security-providers-oidc-2.5.0.jar;C:\Users\ManuelStör\.m2\repository\io\helidon\security\providers\helidon-security-providers-oidc-common\2.5.0\helidon-security-providers-oidc-common-2.5.0.jar;C:\Users\ManuelStör\.m2\repository\io\helidon\webclient\helidon-webclient-security\2.5.0\helidon-webclient-security-2.5.0.jar;C:\Users\ManuelStör\.m2\repository\io\helidon\webclient\helidon-webclient-tracing\2.5.0\helidon-webclient-tracing-2.5.0.jar;C:\Users\ManuelStör\.m2\repository\io\helidon\webclient\helidon-webclient\2.5.0\helidon-webclient-2.5.0.jar;C:\Users\ManuelStör\.m2\repository\io\netty\netty-handler-proxy\4.1.73.Final\netty-handler-proxy-4.1.73.Final.jar;C:\Users\ManuelStör\.m2\repository\io\netty\netty-codec-socks\4.1.73.Final\netty-codec-socks-4.1.73.Final.jar;C:\Users\ManuelStör\.m2\repository\io\helidon\security\abac\helidon-security-abac-time\2.5.0\helidon-security-abac-time-2.5.0.jar;C:\Users\ManuelStör\.m2\repository\io\helidon\security\abac\helidon-security-abac-role\2.5.0\helidon-security-abac-role-2.5.0.jar;C:\Users\ManuelStör\.m2\repository\io\helidon\security\abac\helidon-security-abac-scope\2.5.0\helidon-security-abac-scope-2.5.0.jar;C:\Users\ManuelStör\.m2\repository\io\helidon\security\abac\helidon-security-abac-policy\2.5.0\helidon-security-abac-policy-2.5.0.jar;C:\Users\ManuelStör\.m2\repository\io\helidon\security\integration\helidon-security-integration-webserver\2.5.0\helidon-security-integration-webserver-2.5.0.jar;C:\Users\ManuelStör\.m2\repository\io\helidon\security\providers\helidon-security-providers-common\2.5.0\helidon-security-providers-common-2.5.0.jar;C:\Users\ManuelStör\.m2\repository\io\helidon\security\integration\helidon-security-integration-jersey-client\2.5.0\helidon-security-integration-jersey-client-2.5.0.jar;C:\Users\ManuelStör\.m2\repository\io\helidon\security\integration\helidon-security-integration-common\2.5.0\helidon-security-integration-common-2.5.0.jar;C:\Users\ManuelStör\.m2\repository\io\helidon\tracing\helidon-tracing-config\2.5.0\helidon-tracing-config-2.5.0.jar;C:\Users\ManuelStör\.m2\repository\io\helidon\jersey\helidon-jersey-common\2.5.0\helidon-jersey-common-2.5.0.jar;C:\Users\ManuelStör\.m2\repository\io\helidon\webclient\helidon-webclient-jaxrs\2.5.0\helidon-webclient-jaxrs-2.5.0.jar;C:\Users\ManuelStör\.m2\repository\io\helidon\microprofile\openapi\helidon-microprofile-openapi\2.5.0\helidon-microprofile-openapi-2.5.0.jar;C:\Users\ManuelStör\.m2\repository\io\helidon\openapi\helidon-openapi\2.5.0\helidon-openapi-2.5.0.jar;C:\Users\ManuelStör\.m2\repository\io\smallrye\smallrye-open-api-core\2.0.26\smallrye-open-api-core-2.0.26.jar;C:\Users\ManuelStör\.m2\repository\org\jboss\logging\jboss-logging\3.2.1.Final\jboss-logging-3.2.1.Final.jar;C:\Users\ManuelStör\.m2\repository\io\smallrye\smallrye-open-api-jaxrs\2.0.26\smallrye-open-api-jaxrs-2.0.26.jar;C:\Users\ManuelStör\.m2\repository\org\eclipse\microprofile\openapi\microprofile-openapi-api\1.2\microprofile-openapi-api-1.2.jar;C:\Users\ManuelStör\.m2\repository\io\helidon\microprofile\rest-client\helidon-microprofile-rest-client\2.5.0\helidon-microprofile-rest-client-2.5.0.jar;C:\Users\ManuelStör\.m2\repository\org\eclipse\microprofile\rest\client\microprofile-rest-client-api\2.0\microprofile-rest-client-api-2.0.jar;C:\Users\ManuelStör\.m2\repository\io\helidon\common\helidon-common-context\2.5.0\helidon-common-context-2.5.0.jar;C:\Users\ManuelStör\.m2\repository\org\glassfish\jersey\ext\microprofile\jersey-mp-rest-client\2.35\jersey-mp-rest-client-2.35.jar;C:\Users\ManuelStör\.m2\repository\org\reactivestreams\reactive-streams\1.0.3\reactive-streams-1.0.3.jar;C:\Users\ManuelStör\.m2\repository\org\glassfish\jersey\media\jersey-media-sse\2.35\jersey-media-sse-2.35.jar;C:\Users\ManuelStör\.m2\repository\io\helidon\microprofile\tracing\helidon-microprofile-tracing\2.5.0\helidon-microprofile-tracing-2.5.0.jar;C:\Users\ManuelStör\.m2\repository\io\helidon\tracing\helidon-tracing-jersey\2.5.0\helidon-tracing-jersey-2.5.0.jar;C:\Users\ManuelStör\.m2\repository\io\helidon\tracing\helidon-tracing\2.5.0\helidon-tracing-2.5.0.jar;C:\Users\ManuelStör\.m2\repository\io\helidon\tracing\helidon-tracing-jersey-client\2.5.0\helidon-tracing-jersey-client-2.5.0.jar;C:\Users\ManuelStör\.m2\repository\org\eclipse\microprofile\opentracing\microprofile-opentracing-api\1.3.3\microprofile-opentracing-api-1.3.3.jar;C:\Users\ManuelStör\.m2\repository\io\helidon\tracing\helidon-tracing-tracer-resolver\2.5.0\helidon-tracing-tracer-resolver-2.5.0.jar;C:\Users\ManuelStör\.m2\repository\io\opentracing\contrib\opentracing-tracerresolver\0.1.8\opentracing-tracerresolver-0.1.8.jar;C:\Users\ManuelStör\.m2\repository\org\glassfish\jersey\media\jersey-media-json-binding\2.35\jersey-media-json-binding-2.35.jar;C:\Users\ManuelStör\.m2\repository\org\glassfish\jersey\core\jersey-common\2.35\jersey-common-2.35.jar;C:\Users\ManuelStör\.m2\repository\org\glassfish\hk2\osgi-resource-locator\1.0.3\osgi-resource-locator-1.0.3.jar;C:\Users\ManuelStör\.m2\repository\org\glassfish\jakarta.json\1.1.6\jakarta.json-1.1.6.jar;C:\Users\ManuelStör\.m2\repository\jakarta\json\bind\jakarta.json.bind-api\1.0.2\jakarta.json.bind-api-1.0.2.jar;C:\Users\ManuelStör\.m2\repository\org\eclipse\yasson\1.0.8\yasson-1.0.8.jar;C:\Users\ManuelStör\.m2\repository\org\glassfish\jakarta.json\1.1.6\jakarta.json-1.1.6-module.jar;C:\Users\ManuelStör\.m2\repository\org\jboss\jandex\2.3.1.Final\jandex-2.3.1.Final.jar;C:\Users\ManuelStör\.m2\repository\org\junit\jupiter\junit-jupiter-api\5.7.0\junit-jupiter-api-5.7.0.jar;C:\Users\ManuelStör\.m2\repository\org\apiguardian\apiguardian-api\1.1.0\apiguardian-api-1.1.0.jar;C:\Users\ManuelStör\.m2\repository\org\opentest4j\opentest4j\1.2.0\opentest4j-1.2.0.jar;C:\Users\ManuelStör\.m2\repository\org\junit\platform\junit-platform-commons\1.7.0\junit-platform-commons-1.7.0.jar;C:\Users\ManuelStör\.m2\repository\io\helidon\microprofile\tests\helidon-microprofile-tests-junit5\2.5.0\helidon-microprofile-tests-junit5-2.5.0.jar;C:\Users\ManuelStör\.m2\repository\io\helidon\jersey\helidon-jersey-client\2.5.0\helidon-jersey-client-2.5.0.jar;C:\Users\ManuelStör\.m2\repository\org\glassfish\jersey\core\jersey-client\2.35\jersey-client-2.35.jar;C:\Users\ManuelStör\.m2\repository\org\glassfish\jersey\inject\jersey-hk2\2.35\jersey-hk2-2.35.jar;C:\Users\ManuelStör\.m2\repository\org\glassfish\hk2\hk2-locator\2.6.1\hk2-locator-2.6.1.jar;C:\Users\ManuelStör\.m2\repository\org\glassfish\hk2\external\aopalliance-repackaged\2.6.1\aopalliance-repackaged-2.6.1.jar;C:\Users\ManuelStör\.m2\repository\org\glassfish\hk2\hk2-api\2.6.1\hk2-api-2.6.1.jar;C:\Users\ManuelStör\.m2\repository\org\glassfish\hk2\hk2-utils\2.6.1\hk2-utils-2.6.1.jar;C:\Users\ManuelStör\.m2\repository\org\javassist\javassist\3.25.0-GA\javassist-3.25.0-GA.jar;C:\Users\ManuelStör\.m2\repository\jakarta\xml\bind\jakarta.xml.bind-api\2.3.3\jakarta.xml.bind-api-2.3.3.jar;C:\Users\ManuelStör\.m2\repository\jakarta\activation\jakarta.activation-api\1.2.2\jakarta.activation-api-1.2.2.jar;C:\Users\ManuelStör\.m2\repository\jakarta\inject\jakarta.inject-api\1.0\jakarta.inject-api-1.0.jar;C:\Users\ManuelStör\.m2\repository\io\helidon\config\helidon-config-yaml-mp\2.5.0\helidon-config-yaml-mp-2.5.0.jar;C:\Users\ManuelStör\.m2\repository\jakarta\annotation\jakarta.annotation-api\1.3.5\jakarta.annotation-api-1.3.5.jar;C:\Users\ManuelStör\.m2\repository\one\microstream\microstream-cluster-nodelibrary-helidon\0.1.0-SNAPSHOT\microstream-cluster-nodelibrary-helidon-0.1.0-SNAPSHOT.jar;"/>
    <property name="java.vm.vendor" value="Eclipse Adoptium"/>
    <property name="sun.arch.data.model" value="64"/>
    <property name="user.variant" value=""/>
    <property name="java.vendor.url" value="https://adoptium.net/"/>
    <property name="user.timezone" value="Europe/Berlin"/>
    <property name="user.country.format" value="DE"/>
    <property name="java.vm.specification.version" value="11"/>
    <property name="os.name" value="Windows 10"/>
    <property name="sun.java.launcher" value="SUN_STANDARD"/>
    <property name="user.country" value="GB"/>
    <property name="sun.boot.library.path" value="C:\Program Files\Eclipse Adoptium\jdk-11.0.14.9-hotspot\bin"/>
    <property name="sun.java.command" value="C:\Users\ManuelStör\AppData\Local\Temp\surefire9438793959459986800\surefirebooter16784599920197095507.jar C:\Users\ManuelStör\AppData\Local\Temp\surefire9438793959459986800 2022-05-23T07-08-00_844-jvmRun1 surefire14626584642398918222tmp surefire_011033275602431845284tmp"/>
    <property name="jdk.debug" value="release"/>
    <property name="surefire.test.class.path" value="C:\Users\ManuelStör\Development\Workspaces\MicroStream_Cluster\helidon-quickstart-mp\target\test-classes;C:\Users\ManuelStör\Development\Workspaces\MicroStream_Cluster\helidon-quickstart-mp\target\classes;C:\Users\ManuelStör\.m2\repository\io\helidon\microprofile\bundles\helidon-microprofile\2.5.0\helidon-microprofile-2.5.0.jar;C:\Users\ManuelStör\.m2\repository\io\helidon\microprofile\bundles\helidon-microprofile-core\2.5.0\helidon-microprofile-core-2.5.0.jar;C:\Users\ManuelStör\.m2\repository\io\helidon\microprofile\server\helidon-microprofile-server\2.5.0\helidon-microprofile-server-2.5.0.jar;C:\Users\ManuelStör\.m2\repository\io\helidon\microprofile\cdi\helidon-microprofile-cdi\2.5.0\helidon-microprofile-cdi-2.5.0.jar;C:\Users\ManuelStör\.m2\repository\io\helidon\microprofile\weld\weld-se-core\2.5.0\weld-se-core-2.5.0.jar;C:\Users\ManuelStör\.m2\repository\io\helidon\microprofile\weld\weld-core-impl\2.5.0\weld-core-impl-2.5.0.jar;C:\Users\ManuelStör\.m2\repository\org\jboss\weld\environment\weld-environment-common\3.1.6.Final\weld-environment-common-3.1.6.Final.jar;C:\Users\ManuelStör\.m2\repository\org\jboss\classfilewriter\jboss-classfilewriter\1.2.5.Final\jboss-classfilewriter-1.2.5.Final.jar;C:\Users\ManuelStör\.m2\repository\io\helidon\webserver\helidon-webserver\2.5.0\helidon-webserver-2.5.0.jar;C:\Users\ManuelStör\.m2\repository\io\helidon\media\helidon-media-common\2.5.0\helidon-media-common-2.5.0.jar;C:\Users\ManuelStör\.m2\repository\io\helidon\logging\helidon-logging-common\2.5.0\helidon-logging-common-2.5.0.jar;C:\Users\ManuelStör\.m2\repository\io\opentracing\opentracing-api\0.33.0\opentracing-api-0.33.0.jar;C:\Users\ManuelStör\.m2\repository\io\opentracing\opentracing-noop\0.33.0\opentracing-noop-0.33.0.jar;C:\Users\ManuelStör\.m2\repository\io\netty\netty-codec-http\4.1.73.Final\netty-codec-http-4.1.73.Final.jar;C:\Users\ManuelStör\.m2\repository\io\netty\netty-common\4.1.73.Final\netty-common-4.1.73.Final.jar;C:\Users\ManuelStör\.m2\repository\io\netty\netty-transport\4.1.73.Final\netty-transport-4.1.73.Final.jar;C:\Users\ManuelStör\.m2\repository\io\netty\netty-codec\4.1.73.Final\netty-codec-4.1.73.Final.jar;C:\Users\ManuelStör\.m2\repository\io\netty\netty-codec-http2\4.1.73.Final\netty-codec-http2-4.1.73.Final.jar;C:\Users\ManuelStör\.m2\repository\io\netty\netty-handler\4.1.73.Final\netty-handler-4.1.73.Final.jar;C:\Users\ManuelStör\.m2\repository\io\netty\netty-resolver\4.1.73.Final\netty-resolver-4.1.73.Final.jar;C:\Users\ManuelStör\.m2\repository\io\netty\netty-tcnative-classes\2.0.46.Final\netty-tcnative-classes-2.0.46.Final.jar;C:\Users\ManuelStör\.m2\repository\io\helidon\webserver\helidon-webserver-static-content\2.5.0\helidon-webserver-static-content-2.5.0.jar;C:\Users\ManuelStör\.m2\repository\io\helidon\webserver\helidon-webserver-jersey\2.5.0\helidon-webserver-jersey-2.5.0.jar;C:\Users\ManuelStör\.m2\repository\io\helidon\jersey\helidon-jersey-server\2.5.0\helidon-jersey-server-2.5.0.jar;C:\Users\ManuelStör\.m2\repository\io\netty\netty-buffer\4.1.73.Final\netty-buffer-4.1.73.Final.jar;C:\Users\ManuelStör\.m2\repository\io\helidon\common\helidon-common-service-loader\2.5.0\helidon-common-service-loader-2.5.0.jar;C:\Users\ManuelStör\.m2\repository\jakarta\interceptor\jakarta.interceptor-api\1.2.5\jakarta.interceptor-api-1.2.5.jar;C:\Users\ManuelStör\.m2\repository\jakarta\enterprise\jakarta.enterprise.cdi-api\2.0.2\jakarta.enterprise.cdi-api-2.0.2.jar;C:\Users\ManuelStör\.m2\repository\jakarta\el\jakarta.el-api\3.0.3\jakarta.el-api-3.0.3.jar;C:\Users\ManuelStör\.m2\repository\io\helidon\media\helidon-media-jsonp\2.5.0\helidon-media-jsonp-2.5.0.jar;C:\Users\ManuelStör\.m2\repository\io\helidon\jersey\helidon-jersey-media-jsonp\2.5.0\helidon-jersey-media-jsonp-2.5.0.jar;C:\Users\ManuelStör\.m2\repository\org\glassfish\jersey\media\jersey-media-json-processing\2.35\jersey-media-json-processing-2.35.jar;C:\Users\ManuelStör\.m2\repository\org\glassfish\jsonp-jaxrs\1.1.6\jsonp-jaxrs-1.1.6.jar;C:\Users\ManuelStör\.m2\repository\io\helidon\microprofile\config\helidon-microprofile-config\2.5.0\helidon-microprofile-config-2.5.0.jar;C:\Users\ManuelStör\.m2\repository\io\helidon\config\helidon-config-mp\2.5.0\helidon-config-mp-2.5.0.jar;C:\Users\ManuelStör\.m2\repository\io\helidon\common\helidon-common\2.5.0\helidon-common-2.5.0.jar;C:\Users\ManuelStör\.m2\repository\io\helidon\config\helidon-config-yaml\2.5.0\helidon-config-yaml-2.5.0.jar;C:\Users\ManuelStör\.m2\repository\org\yaml\snakeyaml\1.30\snakeyaml-1.30.jar;C:\Users\ManuelStör\.m2\repository\io\helidon\config\helidon-config-encryption\2.5.0\helidon-config-encryption-2.5.0.jar;C:\Users\ManuelStör\.m2\repository\io\helidon\common\helidon-common-key-util\2.5.0\helidon-common-key-util-2.5.0.jar;C:\Users\ManuelStör\.m2\repository\io\helidon\common\helidon-common-crypto\2.5.0\helidon-common-crypto-2.5.0.jar;C:\Users\ManuelStör\.m2\repository\io\helidon\config\helidon-config-object-mapping\2.5.0\helidon-config-object-mapping-2.5.0.jar;C:\Users\ManuelStör\.m2\repository\io\helidon\microprofile\health\helidon-microprofile-health\2.5.0\helidon-microprofile-health-2.5.0.jar;C:\Users\ManuelStör\.m2\repository\io\helidon\health\helidon-health\2.5.0\helidon-health-2.5.0.jar;C:\Users\ManuelStör\.m2\repository\io\helidon\webserver\helidon-webserver-cors\2.5.0\helidon-webserver-cors-2.5.0.jar;C:\Users\ManuelStör\.m2\repository\org\eclipse\microprofile\config\microprofile-config-api\1.4\microprofile-config-api-1.4.jar;C:\Users\ManuelStör\.m2\repository\org\eclipse\microprofile\health\microprofile-health-api\2.2\microprofile-health-api-2.2.jar;C:\Users\ManuelStör\.m2\repository\io\helidon\health\helidon-health-common\2.5.0\helidon-health-common-2.5.0.jar;C:\Users\ManuelStör\.m2\repository\io\helidon\health\helidon-health-checks\2.5.0\helidon-health-checks-2.5.0.jar;C:\Users\ManuelStör\.m2\repository\io\helidon\config\helidon-config\2.5.0\helidon-config-2.5.0.jar;C:\Users\ManuelStör\.m2\repository\io\helidon\common\helidon-common-reactive\2.5.0\helidon-common-reactive-2.5.0.jar;C:\Users\ManuelStör\.m2\repository\io\helidon\common\helidon-common-mapper\2.5.0\helidon-common-mapper-2.5.0.jar;C:\Users\ManuelStör\.m2\repository\io\helidon\common\helidon-common-media-type\2.5.0\helidon-common-media-type-2.5.0.jar;C:\Users\ManuelStör\.m2\repository\io\helidon\microprofile\metrics\helidon-microprofile-metrics\2.5.0\helidon-microprofile-metrics-2.5.0.jar;C:\Users\ManuelStör\.m2\repository\io\helidon\service-common\helidon-service-common-rest-cdi\2.5.0\helidon-service-common-rest-cdi-2.5.0.jar;C:\Users\ManuelStör\.m2\repository\io\helidon\service-common\helidon-service-common-rest\2.5.0\helidon-service-common-rest-2.5.0.jar;C:\Users\ManuelStör\.m2\repository\io\helidon\metrics\helidon-metrics-api\2.5.0\helidon-metrics-api-2.5.0.jar;C:\Users\ManuelStör\.m2\repository\io\helidon\common\helidon-common-http\2.5.0\helidon-common-http-2.5.0.jar;C:\Users\ManuelStör\.m2\repository\io\helidon\config\helidon-config-metadata\2.5.0\helidon-config-metadata-2.5.0.jar;C:\Users\ManuelStör\.m2\repository\io\helidon\metrics\helidon-metrics-service-api\2.5.0\helidon-metrics-service-api-2.5.0.jar;C:\Users\ManuelStör\.m2\repository\io\helidon\metrics\helidon-metrics\2.5.0\helidon-metrics-2.5.0.jar;C:\Users\ManuelStör\.m2\repository\org\eclipse\microprofile\metrics\microprofile-metrics-api\2.3.2\microprofile-metrics-api-2.3.2.jar;C:\Users\ManuelStör\.m2\repository\io\helidon\microprofile\helidon-microprofile-fault-tolerance\2.5.0\helidon-microprofile-fault-tolerance-2.5.0.jar;C:\Users\ManuelStör\.m2\repository\org\eclipse\microprofile\fault-tolerance\microprofile-fault-tolerance-api\2.1.1\microprofile-fault-tolerance-api-2.1.1.jar;C:\Users\ManuelStör\.m2\repository\io\helidon\fault-tolerance\helidon-fault-tolerance\2.5.0\helidon-fault-tolerance-2.5.0.jar;C:\Users\ManuelStör\.m2\repository\io\helidon\common\helidon-common-configurable\2.5.0\helidon-common-configurable-2.5.0.jar;C:\Users\ManuelStör\.m2\repository\org\glassfish\jersey\ext\cdi\jersey-weld2-se\2.35\jersey-weld2-se-2.35.jar;C:\Users\ManuelStör\.m2\repository\org\glassfish\jersey\core\jersey-server\2.35\jersey-server-2.35.jar;C:\Users\ManuelStör\.m2\repository\jakarta\validation\jakarta.validation-api\2.0.2\jakarta.validation-api-2.0.2.jar;C:\Users\ManuelStör\.m2\repository\org\glassfish\jersey\ext\cdi\jersey-cdi1x\2.35\jersey-cdi1x-2.35.jar;C:\Users\ManuelStör\.m2\repository\jakarta\ws\rs\jakarta.ws.rs-api\2.1.6\jakarta.ws.rs-api-2.1.6.jar;C:\Users\ManuelStör\.m2\repository\org\jboss\weld\weld-api\3.1.SP2\weld-api-3.1.SP2.jar;C:\Users\ManuelStör\.m2\repository\org\jboss\weld\weld-spi\3.1.SP2\weld-spi-3.1.SP2.jar;C:\Users\ManuelStör\.m2\repository\io\helidon\microprofile\jwt\helidon-microprofile-jwt-auth\2.5.0\helidon-microprofile-jwt-auth-2.5.0.jar;C:\Users\ManuelStör\.m2\repository\org\eclipse\microprofile\jwt\microprofile-jwt-auth-api\1.1.1\microprofile-jwt-auth-api-1.1.1.jar;C:\Users\ManuelStör\.m2\repository\io\helidon\security\helidon-security-jwt\2.5.0\helidon-security-jwt-2.5.0.jar;C:\Users\ManuelStör\.m2\repository\io\helidon\security\helidon-security-util\2.5.0\helidon-security-util-2.5.0.jar;C:\Users\ManuelStör\.m2\repository\io\helidon\security\helidon-security\2.5.0\helidon-security-2.5.0.jar;C:\Users\ManuelStör\.m2\repository\io\opentracing\opentracing-util\0.33.0\opentracing-util-0.33.0.jar;C:\Users\ManuelStör\.m2\repository\io\helidon\security\integration\helidon-security-integration-jersey\2.5.0\helidon-security-integration-jersey-2.5.0.jar;C:\Users\ManuelStör\.m2\repository\io\helidon\security\helidon-security-annotations\2.5.0\helidon-security-annotations-2.5.0.jar;C:\Users\ManuelStör\.m2\repository\io\helidon\microprofile\helidon-microprofile-security\2.5.0\helidon-microprofile-security-2.5.0.jar;C:\Users\ManuelStör\.m2\repository\io\helidon\bundles\helidon-bundles-security\2.5.0\helidon-bundles-security-2.5.0.jar;C:\Users\ManuelStör\.m2\repository\io\helidon\security\providers\helidon-security-providers-header\2.5.0\helidon-security-providers-header-2.5.0.jar;C:\Users\ManuelStör\.m2\repository\io\helidon\security\providers\helidon-security-providers-http-auth\2.5.0\helidon-security-providers-http-auth-2.5.0.jar;C:\Users\ManuelStör\.m2\repository\io\helidon\security\providers\helidon-security-providers-http-sign\2.5.0\helidon-security-providers-http-sign-2.5.0.jar;C:\Users\ManuelStör\.m2\repository\io\helidon\security\providers\helidon-security-providers-jwt\2.5.0\helidon-security-providers-jwt-2.5.0.jar;C:\Users\ManuelStör\.m2\repository\io\helidon\security\providers\helidon-security-providers-abac\2.5.0\helidon-security-providers-abac-2.5.0.jar;C:\Users\ManuelStör\.m2\repository\io\helidon\security\providers\helidon-security-providers-oidc\2.5.0\helidon-security-providers-oidc-2.5.0.jar;C:\Users\ManuelStör\.m2\repository\io\helidon\security\providers\helidon-security-providers-oidc-common\2.5.0\helidon-security-providers-oidc-common-2.5.0.jar;C:\Users\ManuelStör\.m2\repository\io\helidon\webclient\helidon-webclient-security\2.5.0\helidon-webclient-security-2.5.0.jar;C:\Users\ManuelStör\.m2\repository\io\helidon\webclient\helidon-webclient-tracing\2.5.0\helidon-webclient-tracing-2.5.0.jar;C:\Users\ManuelStör\.m2\repository\io\helidon\webclient\helidon-webclient\2.5.0\helidon-webclient-2.5.0.jar;C:\Users\ManuelStör\.m2\repository\io\netty\netty-handler-proxy\4.1.73.Final\netty-handler-proxy-4.1.73.Final.jar;C:\Users\ManuelStör\.m2\repository\io\netty\netty-codec-socks\4.1.73.Final\netty-codec-socks-4.1.73.Final.jar;C:\Users\ManuelStör\.m2\repository\io\helidon\security\abac\helidon-security-abac-time\2.5.0\helidon-security-abac-time-2.5.0.jar;C:\Users\ManuelStör\.m2\repository\io\helidon\security\abac\helidon-security-abac-role\2.5.0\helidon-security-abac-role-2.5.0.jar;C:\Users\ManuelStör\.m2\repository\io\helidon\security\abac\helidon-security-abac-scope\2.5.0\helidon-security-abac-scope-2.5.0.jar;C:\Users\ManuelStör\.m2\repository\io\helidon\security\abac\helidon-security-abac-policy\2.5.0\helidon-security-abac-policy-2.5.0.jar;C:\Users\ManuelStör\.m2\repository\io\helidon\security\integration\helidon-security-integration-webserver\2.5.0\helidon-security-integration-webserver-2.5.0.jar;C:\Users\ManuelStör\.m2\repository\io\helidon\security\providers\helidon-security-providers-common\2.5.0\helidon-security-providers-common-2.5.0.jar;C:\Users\ManuelStör\.m2\repository\io\helidon\security\integration\helidon-security-integration-jersey-client\2.5.0\helidon-security-integration-jersey-client-2.5.0.jar;C:\Users\ManuelStör\.m2\repository\io\helidon\security\integration\helidon-security-integration-common\2.5.0\helidon-security-integration-common-2.5.0.jar;C:\Users\ManuelStör\.m2\repository\io\helidon\tracing\helidon-tracing-config\2.5.0\helidon-tracing-config-2.5.0.jar;C:\Users\ManuelStör\.m2\repository\io\helidon\jersey\helidon-jersey-common\2.5.0\helidon-jersey-common-2.5.0.jar;C:\Users\ManuelStör\.m2\repository\io\helidon\webclient\helidon-webclient-jaxrs\2.5.0\helidon-webclient-jaxrs-2.5.0.jar;C:\Users\ManuelStör\.m2\repository\io\helidon\microprofile\openapi\helidon-microprofile-openapi\2.5.0\helidon-microprofile-openapi-2.5.0.jar;C:\Users\ManuelStör\.m2\repository\io\helidon\openapi\helidon-openapi\2.5.0\helidon-openapi-2.5.0.jar;C:\Users\ManuelStör\.m2\repository\io\smallrye\smallrye-open-api-core\2.0.26\smallrye-open-api-core-2.0.26.jar;C:\Users\ManuelStör\.m2\repository\org\jboss\logging\jboss-logging\3.2.1.Final\jboss-logging-3.2.1.Final.jar;C:\Users\ManuelStör\.m2\repository\io\smallrye\smallrye-open-api-jaxrs\2.0.26\smallrye-open-api-jaxrs-2.0.26.jar;C:\Users\ManuelStör\.m2\repository\org\eclipse\microprofile\openapi\microprofile-openapi-api\1.2\microprofile-openapi-api-1.2.jar;C:\Users\ManuelStör\.m2\repository\io\helidon\microprofile\rest-client\helidon-microprofile-rest-client\2.5.0\helidon-microprofile-rest-client-2.5.0.jar;C:\Users\ManuelStör\.m2\repository\org\eclipse\microprofile\rest\client\microprofile-rest-client-api\2.0\microprofile-rest-client-api-2.0.jar;C:\Users\ManuelStör\.m2\repository\io\helidon\common\helidon-common-context\2.5.0\helidon-common-context-2.5.0.jar;C:\Users\ManuelStör\.m2\repository\org\glassfish\jersey\ext\microprofile\jersey-mp-rest-client\2.35\jersey-mp-rest-client-2.35.jar;C:\Users\ManuelStör\.m2\repository\org\reactivestreams\reactive-streams\1.0.3\reactive-streams-1.0.3.jar;C:\Users\ManuelStör\.m2\repository\org\glassfish\jersey\media\jersey-media-sse\2.35\jersey-media-sse-2.35.jar;C:\Users\ManuelStör\.m2\repository\io\helidon\microprofile\tracing\helidon-microprofile-tracing\2.5.0\helidon-microprofile-tracing-2.5.0.jar;C:\Users\ManuelStör\.m2\repository\io\helidon\tracing\helidon-tracing-jersey\2.5.0\helidon-tracing-jersey-2.5.0.jar;C:\Users\ManuelStör\.m2\repository\io\helidon\tracing\helidon-tracing\2.5.0\helidon-tracing-2.5.0.jar;C:\Users\ManuelStör\.m2\repository\io\helidon\tracing\helidon-tracing-jersey-client\2.5.0\helidon-tracing-jersey-client-2.5.0.jar;C:\Users\ManuelStör\.m2\repository\org\eclipse\microprofile\opentracing\microprofile-opentracing-api\1.3.3\microprofile-opentracing-api-1.3.3.jar;C:\Users\ManuelStör\.m2\repository\io\helidon\tracing\helidon-tracing-tracer-resolver\2.5.0\helidon-tracing-tracer-resolver-2.5.0.jar;C:\Users\ManuelStör\.m2\repository\io\opentracing\contrib\opentracing-tracerresolver\0.1.8\opentracing-tracerresolver-0.1.8.jar;C:\Users\ManuelStör\.m2\repository\org\glassfish\jersey\media\jersey-media-json-binding\2.35\jersey-media-json-binding-2.35.jar;C:\Users\ManuelStör\.m2\repository\org\glassfish\jersey\core\jersey-common\2.35\jersey-common-2.35.jar;C:\Users\ManuelStör\.m2\repository\org\glassfish\hk2\osgi-resource-locator\1.0.3\osgi-resource-locator-1.0.3.jar;C:\Users\ManuelStör\.m2\repository\org\glassfish\jakarta.json\1.1.6\jakarta.json-1.1.6.jar;C:\Users\ManuelStör\.m2\repository\jakarta\json\bind\jakarta.json.bind-api\1.0.2\jakarta.json.bind-api-1.0.2.jar;C:\Users\ManuelStör\.m2\repository\org\eclipse\yasson\1.0.8\yasson-1.0.8.jar;C:\Users\ManuelStör\.m2\repository\org\glassfish\jakarta.json\1.1.6\jakarta.json-1.1.6-module.jar;C:\Users\ManuelStör\.m2\repository\org\jboss\jandex\2.3.1.Final\jandex-2.3.1.Final.jar;C:\Users\ManuelStör\.m2\repository\org\junit\jupiter\junit-jupiter-api\5.7.0\junit-jupiter-api-5.7.0.jar;C:\Users\ManuelStör\.m2\repository\org\apiguardian\apiguardian-api\1.1.0\apiguardian-api-1.1.0.jar;C:\Users\ManuelStör\.m2\repository\org\opentest4j\opentest4j\1.2.0\opentest4j-1.2.0.jar;C:\Users\ManuelStör\.m2\repository\org\junit\platform\junit-platform-commons\1.7.0\junit-platform-commons-1.7.0.jar;C:\Users\ManuelStör\.m2\repository\io\helidon\microprofile\tests\helidon-microprofile-tests-junit5\2.5.0\helidon-microprofile-tests-junit5-2.5.0.jar;C:\Users\ManuelStör\.m2\repository\io\helidon\jersey\helidon-jersey-client\2.5.0\helidon-jersey-client-2.5.0.jar;C:\Users\ManuelStör\.m2\repository\org\glassfish\jersey\core\jersey-client\2.35\jersey-client-2.35.jar;C:\Users\ManuelStör\.m2\repository\org\glassfish\jersey\inject\jersey-hk2\2.35\jersey-hk2-2.35.jar;C:\Users\ManuelStör\.m2\repository\org\glassfish\hk2\hk2-locator\2.6.1\hk2-locator-2.6.1.jar;C:\Users\ManuelStör\.m2\repository\org\glassfish\hk2\external\aopalliance-repackaged\2.6.1\aopalliance-repackaged-2.6.1.jar;C:\Users\ManuelStör\.m2\repository\org\glassfish\hk2\hk2-api\2.6.1\hk2-api-2.6.1.jar;C:\Users\ManuelStör\.m2\repository\org\glassfish\hk2\hk2-utils\2.6.1\hk2-utils-2.6.1.jar;C:\Users\ManuelStör\.m2\repository\org\javassist\javassist\3.25.0-GA\javassist-3.25.0-GA.jar;C:\Users\ManuelStör\.m2\repository\jakarta\xml\bind\jakarta.xml.bind-api\2.3.3\jakarta.xml.bind-api-2.3.3.jar;C:\Users\ManuelStör\.m2\repository\jakarta\activation\jakarta.activation-api\1.2.2\jakarta.activation-api-1.2.2.jar;C:\Users\ManuelStör\.m2\repository\jakarta\inject\jakarta.inject-api\1.0\jakarta.inject-api-1.0.jar;C:\Users\ManuelStör\.m2\repository\io\helidon\config\helidon-config-yaml-mp\2.5.0\helidon-config-yaml-mp-2.5.0.jar;C:\Users\ManuelStör\.m2\repository\jakarta\annotation\jakarta.annotation-api\1.3.5\jakarta.annotation-api-1.3.5.jar;C:\Users\ManuelStör\.m2\repository\one\microstream\microstream-cluster-nodelibrary-helidon\0.1.0-SNAPSHOT\microstream-cluster-nodelibrary-helidon-0.1.0-SNAPSHOT.jar;"/>
    <property name="sun.cpu.endian" value="little"/>
    <property name="user.home" value="C:\Users\ManuelStör"/>
    <property name="user.language" value="en"/>
    <property name="java.specification.vendor" value="Oracle Corporation"/>
    <property name="java.version.date" value="2022-01-18"/>
    <property name="java.home" value="C:\Program Files\Eclipse Adoptium\jdk-11.0.14.9-hotspot"/>
    <property name="file.separator" value="\"/>
    <property name="basedir" value="C:\Users\ManuelStör\Development\Workspaces\MicroStream_Cluster\helidon-quickstart-mp"/>
    <property name="java.vm.compressedOopsMode" value="Zero based"/>
    <property name="line.separator" value="&#10;"/>
    <property name="java.specification.name" value="Java Platform API Specification"/>
    <property name="java.vm.specification.vendor" value="Oracle Corporation"/>
    <property name="java.awt.graphicsenv" value="sun.awt.Win32GraphicsEnvironment"/>
    <property name="surefire.real.class.path" value="C:\Users\ManuelStör\AppData\Local\Temp\surefire9438793959459986800\surefirebooter16784599920197095507.jar"/>
    <property name="user.script" value=""/>
    <property name="java.util.logging.config.file" value="C:\Users\ManuelStör\Development\Workspaces\MicroStream_Cluster\helidon-quickstart-mp\target\classes/logging.properties"/>
    <property name="sun.management.compiler" value="HotSpot 64-Bit Tiered Compilers"/>
    <property name="java.runtime.version" value="11.0.14+9"/>
    <property name="user.name" value="ManuelStör"/>
    <property name="path.separator" value=";"/>
    <property name="os.version" value="10.0"/>
    <property name="java.runtime.name" value="OpenJDK Runtime Environment"/>
    <property name="file.encoding" value="Cp1252"/>
    <property name="java.vm.name" value="OpenJDK 64-Bit Server VM"/>
    <property name="java.vendor.version" value="Temurin-11.0.14+9"/>
    <property name="localRepository" value="C:\Users\ManuelStör\.m2\repository"/>
    <property name="java.vendor.url.bug" value="https://github.com/adoptium/adoptium-support/issues"/>
    <property name="java.io.tmpdir" value="C:\Users\MANUEL~1\AppData\Local\Temp\"/>
    <property name="java.version" value="11.0.14"/>
    <property name="user.dir" value="C:\Users\ManuelStör\Development\Workspaces\MicroStream_Cluster\helidon-quickstart-mp"/>
    <property name="os.arch" value="amd64"/>
    <property name="java.vm.specification.name" value="Java Virtual Machine Specification"/>
    <property name="java.awt.printerjob" value="sun.awt.windows.WPrinterJob"/>
    <property name="user.language.format" value="de"/>
    <property name="sun.os.patch.level" value=""/>
    <property name="java.library.path" value="C:\Program Files\Eclipse Adoptium\jdk-11.0.14.9-hotspot\bin;C:\WINDOWS\Sun\Java\bin;C:\WINDOWS\system32;C:\WINDOWS;C:\Users\ManuelStör\bin;C:\Program Files\Git\mingw64\bin;C:\Program Files\Git\usr\local\bin;C:\Program Files\Git\usr\bin;C:\Program Files\Git\usr\bin;C:\Program Files\Git\mingw64\bin;C:\Program Files\Git\usr\bin;C:\Users\ManuelStör\bin;C:\Program Files\Eclipse Adoptium\jdk-17.0.2.8-hotspot\bin;C:\Python38\Scripts;C:\Python38;C:\WINDOWS\system32;C:\WINDOWS;C:\WINDOWS\System32\Wbem;C:\WINDOWS\System32\WindowsPowerShell\v1.0;C:\WINDOWS\System32\OpenSSH;C:\ProgramData\chocolatey\bin;C:\Program Files\Intel\WiFi\bin;C:\Program Files\Common Files\Intel\WirelessCommon;C:\Program Files\PuTTY;C:\Program Files\nodejs;C:\Program Files\Kubernetes\Minikube;C:\Program Files\Amazon\AWSCLIV2;C:\Program Files\Docker\Docker\resources\bin;C:\ProgramData\DockerDesktop\version-bin;C:\Program Files\Git\cmd;C:\Users\ManuelStör\AppData\Local\Microsoft\WindowsApps;C:\Users\ManuelStör\AppData\Local\Programs\Microsoft VS Code\bin;C:\Users\ManuelStör\Programs\Maven\apache-maven-3.6.3\bin;C:\Users\ManuelStör\AppData\Roaming\npm;C:\Users\ManuelStör\Programs\bin;C:\Program Files\Git\usr\bin\vendor_perl;C:\Program Files\Git\usr\bin\core_perl;."/>
    <property name="java.vm.info" value="mixed mode"/>
    <property name="java.vendor" value="Eclipse Adoptium"/>
    <property name="java.vm.version" value="11.0.14+9"/>
    <property name="sun.io.unicode.encoding" value="UnicodeLittle"/>
    <property name="java.class.version" value="55.0"/>
  </properties>
  <testcase name="" classname="io.helidon.examples.quickstart.mp.MainTest" time="4.95">
    <error type="org.jboss.weld.exceptions.DeploymentException"><![CDATA[org.jboss.weld.exceptions.DeploymentException: WELD-001503: Bean class which has interceptors cannot be declared final:  class org.glassfish.jersey.server.wadl.internal.WadlResource
]]></error>
    <system-out><![CDATA[2022.05.23 07:08:06 WARN org.jboss.weld.Bootstrap Thread[main,5,main]: WELD-ENV-002008: Bean class io.helidon.health.checks.HeapMemoryHealthCheck found in multiple bean archives - this may result in incorrect behavior: 
  - WeldBeanDeploymentArchive [id=/C:/Users/ManuelStör/.m2/repository/io/helidon/health/helidon-health-checks/2.5.0/helidon-health-checks-2.5.0.jar],
  - WeldBeanDeploymentArchive [id=/C:/Users/ManuelStör/.m2/repository/one/microstream/microstream-cluster-nodelibrary-helidon/0.1.0-SNAPSHOT/microstream-cluster-nodelibrary-helidon-0.1.0-SNAPSHOT.jar]
2022.05.23 07:08:06 WARN org.jboss.weld.Bootstrap Thread[main,5,main]: WELD-ENV-002008: Bean class org.glassfish.jersey.weld.se.WeldRequestScope found in multiple bean archives - this may result in incorrect behavior: 
  - WeldBeanDeploymentArchive [id=/C:/Users/ManuelStör/.m2/repository/one/microstream/microstream-cluster-nodelibrary-helidon/0.1.0-SNAPSHOT/microstream-cluster-nodelibrary-helidon-0.1.0-SNAPSHOT.jar],
  - WeldBeanDeploymentArchive [id=/C:/Users/ManuelStör/.m2/repository/org/glassfish/jersey/ext/cdi/jersey-weld2-se/2.35/jersey-weld2-se-2.35.jar]
2022.05.23 07:08:06 WARN org.jboss.weld.Bootstrap Thread[main,5,main]: WELD-ENV-002008: Bean class io.helidon.health.checks.DiskSpaceHealthCheck found in multiple bean archives - this may result in incorrect behavior: 
  - WeldBeanDeploymentArchive [id=/C:/Users/ManuelStör/.m2/repository/io/helidon/health/helidon-health-checks/2.5.0/helidon-health-checks-2.5.0.jar],
  - WeldBeanDeploymentArchive [id=/C:/Users/ManuelStör/.m2/repository/one/microstream/microstream-cluster-nodelibrary-helidon/0.1.0-SNAPSHOT/microstream-cluster-nodelibrary-helidon-0.1.0-SNAPSHOT.jar]
2022.05.23 07:08:06 WARN org.jboss.weld.Bootstrap Thread[main,5,main]: WELD-ENV-002008: Bean class io.helidon.health.checks.DeadlockHealthCheck found in multiple bean archives - this may result in incorrect behavior: 
  - WeldBeanDeploymentArchive [id=/C:/Users/ManuelStör/.m2/repository/io/helidon/health/helidon-health-checks/2.5.0/helidon-health-checks-2.5.0.jar],
  - WeldBeanDeploymentArchive [id=/C:/Users/ManuelStör/.m2/repository/one/microstream/microstream-cluster-nodelibrary-helidon/0.1.0-SNAPSHOT/microstream-cluster-nodelibrary-helidon-0.1.0-SNAPSHOT.jar]
]]></system-out>
  </testcase>
</testsuite>